<?xml version="1.0" encoding="UTF-8"?>
<!-- Generated by org.testng.reporters.JUnitReportReporter -->
<testsuite skipped="0" hostname="Mohammed_Azgher" name="runner.TestRunner" tests="1" failures="0" timestamp="26 Jan 2021 13:45:40 GMT" time="10.342" errors="0">
  <testcase name="runScenario" time="10.342" classname="runner.TestRunner"/>
</testsuite> <!-- runner.TestRunner -->
