<?xml version="1.0" encoding="UTF-8"?>
<!-- Generated by org.testng.reporters.JUnitReportReporter -->
<testsuite hostname="Mohammed_Azgher" failures="0" tests="1" name="runner.TestRunner" time="30.224" errors="0" timestamp="28 Jan 2021 03:24:28 GMT" skipped="0">
  <testcase classname="runner.TestRunner" name="runScenario" time="30.224"/>
</testsuite> <!-- runner.TestRunner -->
